<?xml version="1.0" encoding="UTF-8"?>
<testng-results skipped="0" failed="1" total="1" passed="0">
  <reporter-output>
  </reporter-output>
  <suite name="Default suite" duration-ms="48" started-at="2021-05-16T10:00:47Z" finished-at="2021-05-16T10:00:47Z">
    <groups>
    </groups>
    <test name="Default test" duration-ms="48" started-at="2021-05-16T10:00:47Z" finished-at="2021-05-16T10:00:47Z">
      <class name="com.serv.tests.AFSServicingScenario">
        <test-method status="PASS" signature="beforeSuite()[pri:0, instance:com.serv.tests.AFSServicingScenario@64bfbc86]" name="beforeSuite" is-config="true" duration-ms="394" started-at="2021-05-16T15:30:47Z" finished-at="2021-05-16T15:30:47Z">
          <reporter-output>
          </reporter-output>
        </test-method> <!-- beforeSuite -->
        <test-method status="PASS" signature="oneTimePropertiesLoad()[pri:0, instance:com.serv.tests.AFSServicingScenario@64bfbc86]" name="oneTimePropertiesLoad" is-config="true" duration-ms="23" started-at="2021-05-16T15:30:47Z" finished-at="2021-05-16T15:30:47Z">
          <reporter-output>
          </reporter-output>
        </test-method> <!-- oneTimePropertiesLoad -->
        <test-method status="FAIL" signature="loginToAmazon1(java.util.Map)[pri:0, instance:com.serv.tests.AFSServicingScenario@64bfbc86]" name="loginToAmazon1" duration-ms="0" started-at="2021-05-16T15:30:47Z" data-provider="testData" finished-at="2021-05-16T15:30:47Z">
          <exception class="java.lang.RuntimeException">
            <message>
              <![CDATA[java.io.FileNotFoundException: ]]>
            </message>
            <full-stacktrace>
              <![CDATA[java.lang.RuntimeException: java.io.FileNotFoundException: 
	at org.testng.internal.MethodInvocationHelper.invokeDataProvider(MethodInvocationHelper.java:143)
	at org.testng.internal.Parameters.handleParameters(Parameters.java:426)
	at org.testng.internal.Invoker.handleParameters(Invoker.java:1383)
	at org.testng.internal.Invoker.createParameters(Invoker.java:1075)
	at org.testng.internal.Invoker.invokeTestMethods(Invoker.java:1180)
	at org.testng.internal.TestMethodWorker.invokeTestMethods(TestMethodWorker.java:127)
	at org.testng.internal.TestMethodWorker.run(TestMethodWorker.java:111)
	at org.testng.TestRunner.privateRun(TestRunner.java:767)
	at org.testng.TestRunner.run(TestRunner.java:617)
	at org.testng.SuiteRunner.runTest(SuiteRunner.java:334)
	at org.testng.SuiteRunner.runSequentially(SuiteRunner.java:329)
	at org.testng.SuiteRunner.privateRun(SuiteRunner.java:291)
	at org.testng.SuiteRunner.run(SuiteRunner.java:240)
	at org.testng.SuiteRunnerWorker.runSuite(SuiteRunnerWorker.java:52)
	at org.testng.SuiteRunnerWorker.run(SuiteRunnerWorker.java:86)
	at org.testng.TestNG.runSuitesSequentially(TestNG.java:1198)
	at org.testng.TestNG.runSuitesLocally(TestNG.java:1123)
	at org.testng.TestNG.run(TestNG.java:1031)
	at org.testng.remote.AbstractRemoteTestNG.run(AbstractRemoteTestNG.java:126)
	at org.testng.remote.RemoteTestNG.initAndRun(RemoteTestNG.java:152)
	at org.testng.remote.RemoteTestNG.main(RemoteTestNG.java:57)
Caused by: java.io.FileNotFoundException: 
	at java.io.FileInputStream.open0(Native Method)
	at java.io.FileInputStream.open(FileInputStream.java:195)
	at java.io.FileInputStream.<init>(FileInputStream.java:138)
	at com.pages.common.BaseTest.dataProviderExcel(BaseTest.java:181)
	at sun.reflect.NativeMethodAccessorImpl.invoke0(Native Method)
	at sun.reflect.NativeMethodAccessorImpl.invoke(NativeMethodAccessorImpl.java:62)
	at sun.reflect.DelegatingMethodAccessorImpl.invoke(DelegatingMethodAccessorImpl.java:43)
	at java.lang.reflect.Method.invoke(Method.java:498)
	at org.testng.internal.MethodInvocationHelper.invokeMethod(MethodInvocationHelper.java:80)
	at org.testng.internal.MethodInvocationHelper.invokeDataProvider(MethodInvocationHelper.java:117)
	... 20 more
]]>
            </full-stacktrace>
          </exception> <!-- java.lang.RuntimeException -->
          <reporter-output>
          </reporter-output>
        </test-method> <!-- loginToAmazon1 -->
        <test-method status="PASS" signature="testSuiteCleanup()[pri:0, instance:com.serv.tests.AFSServicingScenario@64bfbc86]" name="testSuiteCleanup" is-config="true" duration-ms="4879" started-at="2021-05-16T15:30:47Z" finished-at="2021-05-16T15:30:52Z">
          <reporter-output>
          </reporter-output>
        </test-method> <!-- testSuiteCleanup -->
      </class> <!-- com.serv.tests.AFSServicingScenario -->
    </test> <!-- Default test -->
  </suite> <!-- Default suite -->
</testng-results>
